Copyright 1986-2020 Xilinx, Inc. All Rights Reserved.
------------------------------------------------------------------------------------
| Tool Version : Vivado v.2020.2 (win64) Build 3064766 Wed Nov 18 09:12:45 MST 2020
| Date         : Mon Dec  7 14:09:17 2020
| Host         : ESL3145 running 64-bit major release  (build 9200)
| Command      : upgrade_ip
| Device       : xc7a100tcsg324-1
------------------------------------------------------------------------------------

Upgrade Log for IP 'clk_wiz_50'

1. Summary
----------

SUCCESS in the upgrade of clk_wiz_50 (xilinx.com:ip:clk_wiz:6.0) from (Rev. 1) to (Rev. 6)






Copyright 1986-2020 Xilinx, Inc. All Rights Reserved.
------------------------------------------------------------------------------------
| Tool Version : Vivado v.2020.2 (win64) Build 3064766 Wed Nov 18 09:12:45 MST 2020
| Date         : Mon Dec  7 14:08:31 2020
| Host         : ESL3145 running 64-bit major release  (build 9200)
| Command      : upgrade_ip
| Device       : xc7a100tcsg324-1
------------------------------------------------------------------------------------

Upgrade Log for IP 'clk_wiz_100'

1. Summary
----------

SUCCESS in the upgrade of clk_wiz_100 (xilinx.com:ip:clk_wiz:6.0) from (Rev. 1) to (Rev. 6)

